<?xml version="1.0" encoding="UTF-8"?>
<testsuites name="fuzai1" time="16" tests="0" failures="0" errors="3">
   <testsuite name="fuzai1" tests="0" failures="0" errors="3" time="16" timestamp="2019-02-20 15:00:39" hostname="WJ - WJ" id="Test Suites/fuzai1">
      <properties>
         <property name="deviceName" value=""/>
         <property name="devicePlatform" value=""/>
         <property name="logFolder" value="E:\\Katalon\\file\\fuzai\\Reports\\fuzai1\\20190220_150037"/>
         <property name="logFiles" value="E:\\Katalon\\file\\fuzai\\Reports\\fuzai1\\20190220_150037\\execution0.log"/>
         <property name="attachments" value=""/>
         <property name="hostName" value="WJ - WJ"/>
         <property name="os" value="Windows 10 64bit"/>
         <property name="katalonVersion" value="5.10.1.1"/>
         <property name="browser" value="Chrome 72.0.3626.81"/>
         <property name="hostAddress" value="192.168.2.110"/>
         <property name="sessionId" value="93d656b678ace3ecda8eb6e70e893a38"/>
         <property name="seleniumVersion" value="3.7.1"/>
         <property name="proxyInformation" value="ProxyInformation{proxyOption=NO_PROXY, proxyServerType=HTTP, password=, proxyServerAddress=, proxyServerPort=0}"/>
         <property name="platform" value="Windows 10"/>
      </properties>
      <testcase name="Test Cases/fuzai1" classname="Test Cases/fuzai1" status="ERROR">
         <error type="ERROR" message="Test Cases/fuzai1 FAILED.
Reason:
groovy.lang.MissingPropertyException: No such property: Keys for class: Script1550645558422
	at fuzai1.run(fuzai1:24)
	at com.kms.katalon.core.main.ScriptEngine.run(ScriptEngine.java:194)
	at com.kms.katalon.core.main.ScriptEngine.runScriptAsRawText(ScriptEngine.java:119)
	at com.kms.katalon.core.main.TestCaseExecutor.runScript(TestCaseExecutor.java:328)
	at com.kms.katalon.core.main.TestCaseExecutor.doExecute(TestCaseExecutor.java:319)
	at com.kms.katalon.core.main.TestCaseExecutor.processExecutionPhase(TestCaseExecutor.java:298)
	at com.kms.katalon.core.main.TestCaseExecutor.accessMainPhase(TestCaseExecutor.java:290)
	at com.kms.katalon.core.main.TestCaseExecutor.execute(TestCaseExecutor.java:224)
	at com.kms.katalon.core.main.TestSuiteExecutor.accessTestCaseMainPhase(TestSuiteExecutor.java:129)
	at com.kms.katalon.core.main.TestSuiteExecutor.accessTestSuiteMainPhase(TestSuiteExecutor.java:112)
	at com.kms.katalon.core.main.TestSuiteExecutor.execute(TestSuiteExecutor.java:81)
	at com.kms.katalon.core.main.TestCaseMain.startTestSuite(TestCaseMain.java:149)
	at com.kms.katalon.core.main.TestCaseMain$startTestSuite$0.call(Unknown Source)
	at TempTestSuite1550646037438.run(TempTestSuite1550646037438.groovy:36)
"/>
         <system-out><![CDATA[2019-02-20 15:00:39 - [TEST_CASE][ERROR] - Test Cases/fuzai1: Test Cases/fuzai1 FAILED.
Reason:
groovy.lang.MissingPropertyException: No such property: Keys for class: Script1550645558422
	at fuzai1.run(fuzai1:24)
	at com.kms.katalon.core.main.ScriptEngine.run(ScriptEngine.java:194)
	at com.kms.katalon.core.main.ScriptEngine.runScriptAsRawText(ScriptEngine.java:119)
	at com.kms.katalon.core.main.TestCaseExecutor.runScript(TestCaseExecutor.java:328)
	at com.kms.katalon.core.main.TestCaseExecutor.doExecute(TestCaseExecutor.java:319)
	at com.kms.katalon.core.main.TestCaseExecutor.processExecutionPhase(TestCaseExecutor.java:298)
	at com.kms.katalon.core.main.TestCaseExecutor.accessMainPhase(TestCaseExecutor.java:290)
	at com.kms.katalon.core.main.TestCaseExecutor.execute(TestCaseExecutor.java:224)
	at com.kms.katalon.core.main.TestSuiteExecutor.accessTestCaseMainPhase(TestSuiteExecutor.java:129)
	at com.kms.katalon.core.main.TestSuiteExecutor.accessTestSuiteMainPhase(TestSuiteExecutor.java:112)
	at com.kms.katalon.core.main.TestSuiteExecutor.execute(TestSuiteExecutor.java:81)
	at com.kms.katalon.core.main.TestCaseMain.startTestSuite(TestCaseMain.java:149)
	at com.kms.katalon.core.main.TestCaseMain$startTestSuite$0.call(Unknown Source)
	at TempTestSuite1550646037438.run(TempTestSuite1550646037438.groovy:36)


2019-02-20 15:00:39 - [TEST_STEP][PASSED] - openBrowser(""): Browser is opened with url: ''

2019-02-20 15:00:39 - [MESSAGE][INFO] - Starting 'Chrome' driver

2019-02-20 15:00:39 - [MESSAGE][INFO] - Action delay is set to 0 seconds

2019-02-20 15:00:42 - [MESSAGE][PASSED] - Browser is opened with url: ''

2019-02-20 15:00:42 - [TEST_STEP][PASSED] - navigateToUrl("http://192.168.6.64/#/"): Navigate to 'http://192.168.6.64/#/' successfully

2019-02-20 15:00:44 - [MESSAGE][PASSED] - Navigate to 'http://192.168.6.64/#/' successfully

2019-02-20 15:00:44 - [TEST_STEP][PASSED] - setText(findTestObject("fuzai1/Page_VisionStack/input__username"), "admin"): Text 'admin' is set on object 'Object Repository/fuzai1/Page_VisionStack/input__username'

2019-02-20 15:00:44 - [MESSAGE][PASSED] - Text 'admin' is set on object 'Object Repository/fuzai1/Page_VisionStack/input__username'

2019-02-20 15:00:44 - [TEST_STEP][PASSED] - setEncryptedText(findTestObject("fuzai1/Page_VisionStack/input__password"), "MjBx0EvJu5YFFplPJZ1HyA=="): Text ****** has been set on object 'Object Repository/fuzai1/Page_VisionStack/input__password'

2019-02-20 15:00:45 - [MESSAGE][PASSED] - Text ****** has been set on object 'Object Repository/fuzai1/Page_VisionStack/input__password'

2019-02-20 15:00:45 - [TEST_STEP][ERROR] - sendKeys(findTestObject("fuzai1/Page_VisionStack/input__password"), Keys.chord(ENTER)): sendKeys(findTestObject("fuzai1/Page_VisionStack/input__password"), Keys.chord(ENTER)) FAILED.
Reason:
groovy.lang.MissingPropertyException: No such property: Keys for class: Script1550645558422
	at fuzai1.run(fuzai1:24)
	at com.kms.katalon.core.main.ScriptEngine.run(ScriptEngine.java:194)
	at com.kms.katalon.core.main.ScriptEngine.runScriptAsRawText(ScriptEngine.java:119)
	at com.kms.katalon.core.main.TestCaseExecutor.runScript(TestCaseExecutor.java:328)
	at com.kms.katalon.core.main.TestCaseExecutor.doExecute(TestCaseExecutor.java:319)
	at com.kms.katalon.core.main.TestCaseExecutor.processExecutionPhase(TestCaseExecutor.java:298)
	at com.kms.katalon.core.main.TestCaseExecutor.accessMainPhase(TestCaseExecutor.java:290)
	at com.kms.katalon.core.main.TestCaseExecutor.execute(TestCaseExecutor.java:224)
	at com.kms.katalon.core.main.TestSuiteExecutor.accessTestCaseMainPhase(TestSuiteExecutor.java:129)
	at com.kms.katalon.core.main.TestSuiteExecutor.accessTestSuiteMainPhase(TestSuiteExecutor.java:112)
	at com.kms.katalon.core.main.TestSuiteExecutor.execute(TestSuiteExecutor.java:81)
	at com.kms.katalon.core.main.TestCaseMain.startTestSuite(TestCaseMain.java:149)
	at com.kms.katalon.core.main.TestCaseMain$startTestSuite$0.call(Unknown Source)
	at TempTestSuite1550646037438.run(TempTestSuite1550646037438.groovy:36)


2019-02-20 15:00:45 - [MESSAGE][ERROR] - sendKeys(findTestObject("fuzai1/Page_VisionStack/input__password"), Keys.chord(ENTER)) FAILED.
Reason:
groovy.lang.MissingPropertyException: No such property: Keys for class: Script1550645558422
	at fuzai1.run(fuzai1:24)
	at com.kms.katalon.core.main.ScriptEngine.run(ScriptEngine.java:194)
	at com.kms.katalon.core.main.ScriptEngine.runScriptAsRawText(ScriptEngine.java:119)
	at com.kms.katalon.core.main.TestCaseExecutor.runScript(TestCaseExecutor.java:328)
	at com.kms.katalon.core.main.TestCaseExecutor.doExecute(TestCaseExecutor.java:319)
	at com.kms.katalon.core.main.TestCaseExecutor.processExecutionPhase(TestCaseExecutor.java:298)
	at com.kms.katalon.core.main.TestCaseExecutor.accessMainPhase(TestCaseExecutor.java:290)
	at com.kms.katalon.core.main.TestCaseExecutor.execute(TestCaseExecutor.java:224)
	at com.kms.katalon.core.main.TestSuiteExecutor.accessTestCaseMainPhase(TestSuiteExecutor.java:129)
	at com.kms.katalon.core.main.TestSuiteExecutor.accessTestSuiteMainPhase(TestSuiteExecutor.java:112)
	at com.kms.katalon.core.main.TestSuiteExecutor.execute(TestSuiteExecutor.java:81)
	at com.kms.katalon.core.main.TestCaseMain.startTestSuite(TestCaseMain.java:149)
	at com.kms.katalon.core.main.TestCaseMain$startTestSuite$0.call(Unknown Source)
	at TempTestSuite1550646037438.run(TempTestSuite1550646037438.groovy:36)]]></system-out>
         <system-err><![CDATA[2019-02-20 15:00:39 - [TEST_CASE][ERROR] - Test Cases/fuzai1: Test Cases/fuzai1 FAILED.
Reason:
groovy.lang.MissingPropertyException: No such property: Keys for class: Script1550645558422
	at fuzai1.run(fuzai1:24)
	at com.kms.katalon.core.main.ScriptEngine.run(ScriptEngine.java:194)
	at com.kms.katalon.core.main.ScriptEngine.runScriptAsRawText(ScriptEngine.java:119)
	at com.kms.katalon.core.main.TestCaseExecutor.runScript(TestCaseExecutor.java:328)
	at com.kms.katalon.core.main.TestCaseExecutor.doExecute(TestCaseExecutor.java:319)
	at com.kms.katalon.core.main.TestCaseExecutor.processExecutionPhase(TestCaseExecutor.java:298)
	at com.kms.katalon.core.main.TestCaseExecutor.accessMainPhase(TestCaseExecutor.java:290)
	at com.kms.katalon.core.main.TestCaseExecutor.execute(TestCaseExecutor.java:224)
	at com.kms.katalon.core.main.TestSuiteExecutor.accessTestCaseMainPhase(TestSuiteExecutor.java:129)
	at com.kms.katalon.core.main.TestSuiteExecutor.accessTestSuiteMainPhase(TestSuiteExecutor.java:112)
	at com.kms.katalon.core.main.TestSuiteExecutor.execute(TestSuiteExecutor.java:81)
	at com.kms.katalon.core.main.TestCaseMain.startTestSuite(TestCaseMain.java:149)
	at com.kms.katalon.core.main.TestCaseMain$startTestSuite$0.call(Unknown Source)
	at TempTestSuite1550646037438.run(TempTestSuite1550646037438.groovy:36)]]></system-err>
      </testcase>
      <testcase name="Test Cases/fuzai1" classname="Test Cases/fuzai1" status="ERROR">
         <error type="ERROR" message="Test Cases/fuzai1 FAILED.
Reason:
groovy.lang.MissingPropertyException: No such property: Keys for class: Script1550645558422
	at fuzai1.run(fuzai1:24)
	at com.kms.katalon.core.main.ScriptEngine.run(ScriptEngine.java:194)
	at com.kms.katalon.core.main.ScriptEngine.runScriptAsRawText(ScriptEngine.java:119)
	at com.kms.katalon.core.main.TestCaseExecutor.runScript(TestCaseExecutor.java:328)
	at com.kms.katalon.core.main.TestCaseExecutor.doExecute(TestCaseExecutor.java:319)
	at com.kms.katalon.core.main.TestCaseExecutor.processExecutionPhase(TestCaseExecutor.java:298)
	at com.kms.katalon.core.main.TestCaseExecutor.accessMainPhase(TestCaseExecutor.java:290)
	at com.kms.katalon.core.main.TestCaseExecutor.execute(TestCaseExecutor.java:224)
	at com.kms.katalon.core.main.TestSuiteExecutor.accessTestCaseMainPhase(TestSuiteExecutor.java:129)
	at com.kms.katalon.core.main.TestSuiteExecutor.accessTestSuiteMainPhase(TestSuiteExecutor.java:112)
	at com.kms.katalon.core.main.TestSuiteExecutor.execute(TestSuiteExecutor.java:81)
	at com.kms.katalon.core.main.TestCaseMain.startTestSuite(TestCaseMain.java:149)
	at com.kms.katalon.core.main.TestCaseMain$startTestSuite$0.call(Unknown Source)
	at TempTestSuite1550646037438.run(TempTestSuite1550646037438.groovy:36)
"/>
         <system-out><![CDATA[2019-02-20 15:00:45 - [TEST_CASE][ERROR] - Test Cases/fuzai1: Test Cases/fuzai1 FAILED.
Reason:
groovy.lang.MissingPropertyException: No such property: Keys for class: Script1550645558422
	at fuzai1.run(fuzai1:24)
	at com.kms.katalon.core.main.ScriptEngine.run(ScriptEngine.java:194)
	at com.kms.katalon.core.main.ScriptEngine.runScriptAsRawText(ScriptEngine.java:119)
	at com.kms.katalon.core.main.TestCaseExecutor.runScript(TestCaseExecutor.java:328)
	at com.kms.katalon.core.main.TestCaseExecutor.doExecute(TestCaseExecutor.java:319)
	at com.kms.katalon.core.main.TestCaseExecutor.processExecutionPhase(TestCaseExecutor.java:298)
	at com.kms.katalon.core.main.TestCaseExecutor.accessMainPhase(TestCaseExecutor.java:290)
	at com.kms.katalon.core.main.TestCaseExecutor.execute(TestCaseExecutor.java:224)
	at com.kms.katalon.core.main.TestSuiteExecutor.accessTestCaseMainPhase(TestSuiteExecutor.java:129)
	at com.kms.katalon.core.main.TestSuiteExecutor.accessTestSuiteMainPhase(TestSuiteExecutor.java:112)
	at com.kms.katalon.core.main.TestSuiteExecutor.execute(TestSuiteExecutor.java:81)
	at com.kms.katalon.core.main.TestCaseMain.startTestSuite(TestCaseMain.java:149)
	at com.kms.katalon.core.main.TestCaseMain$startTestSuite$0.call(Unknown Source)
	at TempTestSuite1550646037438.run(TempTestSuite1550646037438.groovy:36)


2019-02-20 15:00:45 - [TEST_STEP][PASSED] - openBrowser(""): Browser is opened with url: ''

2019-02-20 15:00:45 - [MESSAGE][WARNING] - A browser is already opened. Closing browser and opening a new one

2019-02-20 15:00:45 - [MESSAGE][INFO] - Starting 'Chrome' driver

2019-02-20 15:00:47 - [MESSAGE][PASSED] - Browser is opened with url: ''

2019-02-20 15:00:47 - [TEST_STEP][PASSED] - navigateToUrl("http://192.168.6.64/#/"): Navigate to 'http://192.168.6.64/#/' successfully

2019-02-20 15:00:49 - [MESSAGE][PASSED] - Navigate to 'http://192.168.6.64/#/' successfully

2019-02-20 15:00:49 - [TEST_STEP][PASSED] - setText(findTestObject("fuzai1/Page_VisionStack/input__username"), "admin"): Text 'admin' is set on object 'Object Repository/fuzai1/Page_VisionStack/input__username'

2019-02-20 15:00:49 - [MESSAGE][PASSED] - Text 'admin' is set on object 'Object Repository/fuzai1/Page_VisionStack/input__username'

2019-02-20 15:00:49 - [TEST_STEP][PASSED] - setEncryptedText(findTestObject("fuzai1/Page_VisionStack/input__password"), "MjBx0EvJu5YFFplPJZ1HyA=="): Text ****** has been set on object 'Object Repository/fuzai1/Page_VisionStack/input__password'

2019-02-20 15:00:49 - [MESSAGE][PASSED] - Text ****** has been set on object 'Object Repository/fuzai1/Page_VisionStack/input__password'

2019-02-20 15:00:49 - [TEST_STEP][ERROR] - sendKeys(findTestObject("fuzai1/Page_VisionStack/input__password"), Keys.chord(ENTER)): sendKeys(findTestObject("fuzai1/Page_VisionStack/input__password"), Keys.chord(ENTER)) FAILED.
Reason:
groovy.lang.MissingPropertyException: No such property: Keys for class: Script1550645558422
	at fuzai1.run(fuzai1:24)
	at com.kms.katalon.core.main.ScriptEngine.run(ScriptEngine.java:194)
	at com.kms.katalon.core.main.ScriptEngine.runScriptAsRawText(ScriptEngine.java:119)
	at com.kms.katalon.core.main.TestCaseExecutor.runScript(TestCaseExecutor.java:328)
	at com.kms.katalon.core.main.TestCaseExecutor.doExecute(TestCaseExecutor.java:319)
	at com.kms.katalon.core.main.TestCaseExecutor.processExecutionPhase(TestCaseExecutor.java:298)
	at com.kms.katalon.core.main.TestCaseExecutor.accessMainPhase(TestCaseExecutor.java:290)
	at com.kms.katalon.core.main.TestCaseExecutor.execute(TestCaseExecutor.java:224)
	at com.kms.katalon.core.main.TestSuiteExecutor.accessTestCaseMainPhase(TestSuiteExecutor.java:129)
	at com.kms.katalon.core.main.TestSuiteExecutor.accessTestSuiteMainPhase(TestSuiteExecutor.java:112)
	at com.kms.katalon.core.main.TestSuiteExecutor.execute(TestSuiteExecutor.java:81)
	at com.kms.katalon.core.main.TestCaseMain.startTestSuite(TestCaseMain.java:149)
	at com.kms.katalon.core.main.TestCaseMain$startTestSuite$0.call(Unknown Source)
	at TempTestSuite1550646037438.run(TempTestSuite1550646037438.groovy:36)


2019-02-20 15:00:49 - [MESSAGE][ERROR] - sendKeys(findTestObject("fuzai1/Page_VisionStack/input__password"), Keys.chord(ENTER)) FAILED.
Reason:
groovy.lang.MissingPropertyException: No such property: Keys for class: Script1550645558422
	at fuzai1.run(fuzai1:24)
	at com.kms.katalon.core.main.ScriptEngine.run(ScriptEngine.java:194)
	at com.kms.katalon.core.main.ScriptEngine.runScriptAsRawText(ScriptEngine.java:119)
	at com.kms.katalon.core.main.TestCaseExecutor.runScript(TestCaseExecutor.java:328)
	at com.kms.katalon.core.main.TestCaseExecutor.doExecute(TestCaseExecutor.java:319)
	at com.kms.katalon.core.main.TestCaseExecutor.processExecutionPhase(TestCaseExecutor.java:298)
	at com.kms.katalon.core.main.TestCaseExecutor.accessMainPhase(TestCaseExecutor.java:290)
	at com.kms.katalon.core.main.TestCaseExecutor.execute(TestCaseExecutor.java:224)
	at com.kms.katalon.core.main.TestSuiteExecutor.accessTestCaseMainPhase(TestSuiteExecutor.java:129)
	at com.kms.katalon.core.main.TestSuiteExecutor.accessTestSuiteMainPhase(TestSuiteExecutor.java:112)
	at com.kms.katalon.core.main.TestSuiteExecutor.execute(TestSuiteExecutor.java:81)
	at com.kms.katalon.core.main.TestCaseMain.startTestSuite(TestCaseMain.java:149)
	at com.kms.katalon.core.main.TestCaseMain$startTestSuite$0.call(Unknown Source)
	at TempTestSuite1550646037438.run(TempTestSuite1550646037438.groovy:36)]]></system-out>
         <system-err><![CDATA[2019-02-20 15:00:45 - [TEST_CASE][ERROR] - Test Cases/fuzai1: Test Cases/fuzai1 FAILED.
Reason:
groovy.lang.MissingPropertyException: No such property: Keys for class: Script1550645558422
	at fuzai1.run(fuzai1:24)
	at com.kms.katalon.core.main.ScriptEngine.run(ScriptEngine.java:194)
	at com.kms.katalon.core.main.ScriptEngine.runScriptAsRawText(ScriptEngine.java:119)
	at com.kms.katalon.core.main.TestCaseExecutor.runScript(TestCaseExecutor.java:328)
	at com.kms.katalon.core.main.TestCaseExecutor.doExecute(TestCaseExecutor.java:319)
	at com.kms.katalon.core.main.TestCaseExecutor.processExecutionPhase(TestCaseExecutor.java:298)
	at com.kms.katalon.core.main.TestCaseExecutor.accessMainPhase(TestCaseExecutor.java:290)
	at com.kms.katalon.core.main.TestCaseExecutor.execute(TestCaseExecutor.java:224)
	at com.kms.katalon.core.main.TestSuiteExecutor.accessTestCaseMainPhase(TestSuiteExecutor.java:129)
	at com.kms.katalon.core.main.TestSuiteExecutor.accessTestSuiteMainPhase(TestSuiteExecutor.java:112)
	at com.kms.katalon.core.main.TestSuiteExecutor.execute(TestSuiteExecutor.java:81)
	at com.kms.katalon.core.main.TestCaseMain.startTestSuite(TestCaseMain.java:149)
	at com.kms.katalon.core.main.TestCaseMain$startTestSuite$0.call(Unknown Source)
	at TempTestSuite1550646037438.run(TempTestSuite1550646037438.groovy:36)]]></system-err>
      </testcase>
      <testcase name="Test Cases/fuzai1" classname="Test Cases/fuzai1" status="ERROR">
         <error type="ERROR" message="Test Cases/fuzai1 FAILED.
Reason:
groovy.lang.MissingPropertyException: No such property: Keys for class: Script1550645558422
	at fuzai1.run(fuzai1:24)
	at com.kms.katalon.core.main.ScriptEngine.run(ScriptEngine.java:194)
	at com.kms.katalon.core.main.ScriptEngine.runScriptAsRawText(ScriptEngine.java:119)
	at com.kms.katalon.core.main.TestCaseExecutor.runScript(TestCaseExecutor.java:328)
	at com.kms.katalon.core.main.TestCaseExecutor.doExecute(TestCaseExecutor.java:319)
	at com.kms.katalon.core.main.TestCaseExecutor.processExecutionPhase(TestCaseExecutor.java:298)
	at com.kms.katalon.core.main.TestCaseExecutor.accessMainPhase(TestCaseExecutor.java:290)
	at com.kms.katalon.core.main.TestCaseExecutor.execute(TestCaseExecutor.java:224)
	at com.kms.katalon.core.main.TestSuiteExecutor.accessTestCaseMainPhase(TestSuiteExecutor.java:129)
	at com.kms.katalon.core.main.TestSuiteExecutor.accessTestSuiteMainPhase(TestSuiteExecutor.java:112)
	at com.kms.katalon.core.main.TestSuiteExecutor.execute(TestSuiteExecutor.java:81)
	at com.kms.katalon.core.main.TestCaseMain.startTestSuite(TestCaseMain.java:149)
	at com.kms.katalon.core.main.TestCaseMain$startTestSuite$0.call(Unknown Source)
	at TempTestSuite1550646037438.run(TempTestSuite1550646037438.groovy:36)
"/>
         <system-out><![CDATA[2019-02-20 15:00:49 - [TEST_CASE][ERROR] - Test Cases/fuzai1: Test Cases/fuzai1 FAILED.
Reason:
groovy.lang.MissingPropertyException: No such property: Keys for class: Script1550645558422
	at fuzai1.run(fuzai1:24)
	at com.kms.katalon.core.main.ScriptEngine.run(ScriptEngine.java:194)
	at com.kms.katalon.core.main.ScriptEngine.runScriptAsRawText(ScriptEngine.java:119)
	at com.kms.katalon.core.main.TestCaseExecutor.runScript(TestCaseExecutor.java:328)
	at com.kms.katalon.core.main.TestCaseExecutor.doExecute(TestCaseExecutor.java:319)
	at com.kms.katalon.core.main.TestCaseExecutor.processExecutionPhase(TestCaseExecutor.java:298)
	at com.kms.katalon.core.main.TestCaseExecutor.accessMainPhase(TestCaseExecutor.java:290)
	at com.kms.katalon.core.main.TestCaseExecutor.execute(TestCaseExecutor.java:224)
	at com.kms.katalon.core.main.TestSuiteExecutor.accessTestCaseMainPhase(TestSuiteExecutor.java:129)
	at com.kms.katalon.core.main.TestSuiteExecutor.accessTestSuiteMainPhase(TestSuiteExecutor.java:112)
	at com.kms.katalon.core.main.TestSuiteExecutor.execute(TestSuiteExecutor.java:81)
	at com.kms.katalon.core.main.TestCaseMain.startTestSuite(TestCaseMain.java:149)
	at com.kms.katalon.core.main.TestCaseMain$startTestSuite$0.call(Unknown Source)
	at TempTestSuite1550646037438.run(TempTestSuite1550646037438.groovy:36)


2019-02-20 15:00:49 - [TEST_STEP][PASSED] - openBrowser(""): Browser is opened with url: ''

2019-02-20 15:00:49 - [MESSAGE][WARNING] - A browser is already opened. Closing browser and opening a new one

2019-02-20 15:00:50 - [MESSAGE][INFO] - Starting 'Chrome' driver

2019-02-20 15:00:52 - [MESSAGE][PASSED] - Browser is opened with url: ''

2019-02-20 15:00:52 - [TEST_STEP][PASSED] - navigateToUrl("http://192.168.6.64/#/"): Navigate to 'http://192.168.6.64/#/' successfully

2019-02-20 15:00:54 - [MESSAGE][PASSED] - Navigate to 'http://192.168.6.64/#/' successfully

2019-02-20 15:00:54 - [TEST_STEP][PASSED] - setText(findTestObject("fuzai1/Page_VisionStack/input__username"), "admin"): Text 'admin' is set on object 'Object Repository/fuzai1/Page_VisionStack/input__username'

2019-02-20 15:00:54 - [MESSAGE][PASSED] - Text 'admin' is set on object 'Object Repository/fuzai1/Page_VisionStack/input__username'

2019-02-20 15:00:54 - [TEST_STEP][PASSED] - setEncryptedText(findTestObject("fuzai1/Page_VisionStack/input__password"), "MjBx0EvJu5YFFplPJZ1HyA=="): Text ****** has been set on object 'Object Repository/fuzai1/Page_VisionStack/input__password'

2019-02-20 15:00:54 - [MESSAGE][PASSED] - Text ****** has been set on object 'Object Repository/fuzai1/Page_VisionStack/input__password'

2019-02-20 15:00:54 - [TEST_STEP][ERROR] - sendKeys(findTestObject("fuzai1/Page_VisionStack/input__password"), Keys.chord(ENTER)): sendKeys(findTestObject("fuzai1/Page_VisionStack/input__password"), Keys.chord(ENTER)) FAILED.
Reason:
groovy.lang.MissingPropertyException: No such property: Keys for class: Script1550645558422
	at fuzai1.run(fuzai1:24)
	at com.kms.katalon.core.main.ScriptEngine.run(ScriptEngine.java:194)
	at com.kms.katalon.core.main.ScriptEngine.runScriptAsRawText(ScriptEngine.java:119)
	at com.kms.katalon.core.main.TestCaseExecutor.runScript(TestCaseExecutor.java:328)
	at com.kms.katalon.core.main.TestCaseExecutor.doExecute(TestCaseExecutor.java:319)
	at com.kms.katalon.core.main.TestCaseExecutor.processExecutionPhase(TestCaseExecutor.java:298)
	at com.kms.katalon.core.main.TestCaseExecutor.accessMainPhase(TestCaseExecutor.java:290)
	at com.kms.katalon.core.main.TestCaseExecutor.execute(TestCaseExecutor.java:224)
	at com.kms.katalon.core.main.TestSuiteExecutor.accessTestCaseMainPhase(TestSuiteExecutor.java:129)
	at com.kms.katalon.core.main.TestSuiteExecutor.accessTestSuiteMainPhase(TestSuiteExecutor.java:112)
	at com.kms.katalon.core.main.TestSuiteExecutor.execute(TestSuiteExecutor.java:81)
	at com.kms.katalon.core.main.TestCaseMain.startTestSuite(TestCaseMain.java:149)
	at com.kms.katalon.core.main.TestCaseMain$startTestSuite$0.call(Unknown Source)
	at TempTestSuite1550646037438.run(TempTestSuite1550646037438.groovy:36)


2019-02-20 15:00:54 - [MESSAGE][ERROR] - sendKeys(findTestObject("fuzai1/Page_VisionStack/input__password"), Keys.chord(ENTER)) FAILED.
Reason:
groovy.lang.MissingPropertyException: No such property: Keys for class: Script1550645558422
	at fuzai1.run(fuzai1:24)
	at com.kms.katalon.core.main.ScriptEngine.run(ScriptEngine.java:194)
	at com.kms.katalon.core.main.ScriptEngine.runScriptAsRawText(ScriptEngine.java:119)
	at com.kms.katalon.core.main.TestCaseExecutor.runScript(TestCaseExecutor.java:328)
	at com.kms.katalon.core.main.TestCaseExecutor.doExecute(TestCaseExecutor.java:319)
	at com.kms.katalon.core.main.TestCaseExecutor.processExecutionPhase(TestCaseExecutor.java:298)
	at com.kms.katalon.core.main.TestCaseExecutor.accessMainPhase(TestCaseExecutor.java:290)
	at com.kms.katalon.core.main.TestCaseExecutor.execute(TestCaseExecutor.java:224)
	at com.kms.katalon.core.main.TestSuiteExecutor.accessTestCaseMainPhase(TestSuiteExecutor.java:129)
	at com.kms.katalon.core.main.TestSuiteExecutor.accessTestSuiteMainPhase(TestSuiteExecutor.java:112)
	at com.kms.katalon.core.main.TestSuiteExecutor.execute(TestSuiteExecutor.java:81)
	at com.kms.katalon.core.main.TestCaseMain.startTestSuite(TestCaseMain.java:149)
	at com.kms.katalon.core.main.TestCaseMain$startTestSuite$0.call(Unknown Source)
	at TempTestSuite1550646037438.run(TempTestSuite1550646037438.groovy:36)]]></system-out>
         <system-err><![CDATA[2019-02-20 15:00:49 - [TEST_CASE][ERROR] - Test Cases/fuzai1: Test Cases/fuzai1 FAILED.
Reason:
groovy.lang.MissingPropertyException: No such property: Keys for class: Script1550645558422
	at fuzai1.run(fuzai1:24)
	at com.kms.katalon.core.main.ScriptEngine.run(ScriptEngine.java:194)
	at com.kms.katalon.core.main.ScriptEngine.runScriptAsRawText(ScriptEngine.java:119)
	at com.kms.katalon.core.main.TestCaseExecutor.runScript(TestCaseExecutor.java:328)
	at com.kms.katalon.core.main.TestCaseExecutor.doExecute(TestCaseExecutor.java:319)
	at com.kms.katalon.core.main.TestCaseExecutor.processExecutionPhase(TestCaseExecutor.java:298)
	at com.kms.katalon.core.main.TestCaseExecutor.accessMainPhase(TestCaseExecutor.java:290)
	at com.kms.katalon.core.main.TestCaseExecutor.execute(TestCaseExecutor.java:224)
	at com.kms.katalon.core.main.TestSuiteExecutor.accessTestCaseMainPhase(TestSuiteExecutor.java:129)
	at com.kms.katalon.core.main.TestSuiteExecutor.accessTestSuiteMainPhase(TestSuiteExecutor.java:112)
	at com.kms.katalon.core.main.TestSuiteExecutor.execute(TestSuiteExecutor.java:81)
	at com.kms.katalon.core.main.TestCaseMain.startTestSuite(TestCaseMain.java:149)
	at com.kms.katalon.core.main.TestCaseMain$startTestSuite$0.call(Unknown Source)
	at TempTestSuite1550646037438.run(TempTestSuite1550646037438.groovy:36)]]></system-err>
      </testcase>
      <system-out><![CDATA[2019-02-20 15:00:39 - [TEST_SUITE][ERROR] - fuzai1: Test Cases/fuzai1 FAILED.
Reason:
groovy.lang.MissingPropertyException: No such property: Keys for class: Script1550645558422
	at fuzai1.run(fuzai1:24)
	at com.kms.katalon.core.main.ScriptEngine.run(ScriptEngine.java:194)
	at com.kms.katalon.core.main.ScriptEngine.runScriptAsRawText(ScriptEngine.java:119)
	at com.kms.katalon.core.main.TestCaseExecutor.runScript(TestCaseExecutor.java:328)
	at com.kms.katalon.core.main.TestCaseExecutor.doExecute(TestCaseExecutor.java:319)
	at com.kms.katalon.core.main.TestCaseExecutor.processExecutionPhase(TestCaseExecutor.java:298)
	at com.kms.katalon.core.main.TestCaseExecutor.accessMainPhase(TestCaseExecutor.java:290)
	at com.kms.katalon.core.main.TestCaseExecutor.execute(TestCaseExecutor.java:224)
	at com.kms.katalon.core.main.TestSuiteExecutor.accessTestCaseMainPhase(TestSuiteExecutor.java:129)
	at com.kms.katalon.core.main.TestSuiteExecutor.accessTestSuiteMainPhase(TestSuiteExecutor.java:112)
	at com.kms.katalon.core.main.TestSuiteExecutor.execute(TestSuiteExecutor.java:81)
	at com.kms.katalon.core.main.TestCaseMain.startTestSuite(TestCaseMain.java:149)
	at com.kms.katalon.core.main.TestCaseMain$startTestSuite$0.call(Unknown Source)
	at TempTestSuite1550646037438.run(TempTestSuite1550646037438.groovy:36)]]></system-out>
      <system-err><![CDATA[2019-02-20 15:00:39 - [TEST_SUITE][ERROR] - fuzai1: Test Cases/fuzai1 FAILED.
Reason:
groovy.lang.MissingPropertyException: No such property: Keys for class: Script1550645558422
	at fuzai1.run(fuzai1:24)
	at com.kms.katalon.core.main.ScriptEngine.run(ScriptEngine.java:194)
	at com.kms.katalon.core.main.ScriptEngine.runScriptAsRawText(ScriptEngine.java:119)
	at com.kms.katalon.core.main.TestCaseExecutor.runScript(TestCaseExecutor.java:328)
	at com.kms.katalon.core.main.TestCaseExecutor.doExecute(TestCaseExecutor.java:319)
	at com.kms.katalon.core.main.TestCaseExecutor.processExecutionPhase(TestCaseExecutor.java:298)
	at com.kms.katalon.core.main.TestCaseExecutor.accessMainPhase(TestCaseExecutor.java:290)
	at com.kms.katalon.core.main.TestCaseExecutor.execute(TestCaseExecutor.java:224)
	at com.kms.katalon.core.main.TestSuiteExecutor.accessTestCaseMainPhase(TestSuiteExecutor.java:129)
	at com.kms.katalon.core.main.TestSuiteExecutor.accessTestSuiteMainPhase(TestSuiteExecutor.java:112)
	at com.kms.katalon.core.main.TestSuiteExecutor.execute(TestSuiteExecutor.java:81)
	at com.kms.katalon.core.main.TestCaseMain.startTestSuite(TestCaseMain.java:149)
	at com.kms.katalon.core.main.TestCaseMain$startTestSuite$0.call(Unknown Source)
	at TempTestSuite1550646037438.run(TempTestSuite1550646037438.groovy:36)]]></system-err>
   </testsuite>
</testsuites>
